2017/08/31 16:39:15 にビルドを開始しました。
     1>ノード 2 上のプロジェクト "C:\Users\0133752\documents\visual studio 2013\Projects\Som\Som\Som.vcxproj" (Build ターゲット)。
     1>ClCompile:
         C:\Program Files (x86)\Microsoft Visual Studio 12.0\VC\bin\CL.exe /c /IC:\opencv\build\include /Zi /nologo /W3 /WX- /sdl /O2 /Oi /Oy- /GL /D WIN32 /D NDEBUG /D _CONSOLE /D _LIB /D _UNICODE /D UNICODE /Gm- /EHsc /MD /GS /Gy /fp:precise /Zc:wchar_t /Zc:forScope /Fo"Release\\" /Fd"Release\vc120.pdb" /Gd /TP /analyze- /errorReport:prompt main.cpp
         main.cpp
     1>C:\opencv\build\include\opencv2/core/mat.hpp(1965): warning C4819: ファイルは、現在のコード ページ (932) で表示できない文字を含んでいます。データの損失を防ぐために、ファイルを Unicode 形式で保存してください。
     1>C:\opencv\build\include\opencv2/core/persistence.hpp : warning C4819: ファイルは、現在のコード ページ (932) で表示できない文字を含んでいます。データの損失を防ぐために、ファイルを Unicode 形式で保存してください。
     1>C:\opencv\build\include\opencv2/core/utility.hpp : warning C4819: ファイルは、現在のコード ページ (932) で表示できない文字を含んでいます。データの損失を防ぐために、ファイルを Unicode 形式で保存してください。
     1>main.cpp(39): warning C4018: '<' : signed と unsigned の数値を比較しようとしました。
     1>main.cpp(40): warning C4018: '<' : signed と unsigned の数値を比較しようとしました。
     1>main.cpp(41): warning C4018: '<' : signed と unsigned の数値を比較しようとしました。
     1>main.cpp(50): warning C4018: '<' : signed と unsigned の数値を比較しようとしました。
     1>main.cpp(62): warning C4018: '<' : signed と unsigned の数値を比較しようとしました。
     1>main.cpp(63): warning C4018: '<' : signed と unsigned の数値を比較しようとしました。
     1>main.cpp(86): warning C4018: '<' : signed と unsigned の数値を比較しようとしました。
     1>main.cpp(88): warning C4018: '<' : signed と unsigned の数値を比較しようとしました。
     1>main.cpp(92): warning C4018: '<' : signed と unsigned の数値を比較しようとしました。
     1>main.cpp(103): warning C4018: '<' : signed と unsigned の数値を比較しようとしました。
     1>main.cpp(113): warning C4018: '<' : signed と unsigned の数値を比較しようとしました。
     1>main.cpp(114): warning C4018: '<' : signed と unsigned の数値を比較しようとしました。
     1>main.cpp(128): warning C4018: '<' : signed と unsigned の数値を比較しようとしました。
     1>main.cpp(129): warning C4018: '<' : signed と unsigned の数値を比較しようとしました。
     1>main.cpp(130): warning C4018: '<' : signed と unsigned の数値を比較しようとしました。
     1>main.cpp(131): warning C4244: '=' : 'double' から 'uchar' への変換です。データが失われる可能性があります。
     1>main.cpp(137): warning C4018: '<' : signed と unsigned の数値を比較しようとしました。
     1>main.cpp(138): warning C4018: '<' : signed と unsigned の数値を比較しようとしました。
     1>main.cpp(139): warning C4018: '<' : signed と unsigned の数値を比較しようとしました。
     1>main.cpp(140): warning C4244: '=' : 'double' から 'uchar' への変換です。データが失われる可能性があります。
       Link:
         C:\Program Files (x86)\Microsoft Visual Studio 12.0\VC\bin\link.exe /ERRORREPORT:PROMPT /OUT:"C:\Users\0133752\documents\visual studio 2013\Projects\Som\Release\Som.exe" /INCREMENTAL:NO /NOLOGO kernel32.lib user32.lib gdi32.lib winspool.lib comdlg32.lib advapi32.lib shell32.lib ole32.lib oleaut32.lib uuid.lib odbc32.lib odbccp32.lib /MANIFEST /MANIFESTUAC:"level='asInvoker' uiAccess='false'" /manifest:embed /DEBUG /PDB:"C:\Users\0133752\documents\visual studio 2013\Projects\Som\Release\Som.pdb" /SUBSYSTEM:CONSOLE /OPT:REF /OPT:ICF /LTCG /TLBID:1 /DYNAMICBASE /NXCOMPAT /IMPLIB:"C:\Users\0133752\documents\visual studio 2013\Projects\Som\Release\Som.lib" /MACHINE:X86 /SAFESEH Release\main.obj
         コード生成しています。
         コード生成が終了しました。
         Som.vcxproj -> C:\Users\0133752\documents\visual studio 2013\Projects\Som\Release\Som.exe
     1>プロジェクト "C:\Users\0133752\documents\visual studio 2013\Projects\Som\Som\Som.vcxproj" (Build ターゲット) のビルドが完了しました。

ビルドに成功しました。

経過時間 00:00:01.43
