2017/08/29 15:40:53 にビルドを開始しました。
     1>ノード 2 上のプロジェクト "C:\Users\0133752\documents\visual studio 2013\Projects\Som\Som\Som.vcxproj" (Build ターゲット)。
     1>ClCompile:
         C:\Program Files (x86)\Microsoft Visual Studio 12.0\VC\bin\CL.exe /c /IC:\opencv\build\include /ZI /nologo /W3 /WX- /sdl /Od /Oy- /D WIN32 /D _DEBUG /D _CONSOLE /D _LIB /D _UNICODE /D UNICODE /Gm /EHsc /RTC1 /MDd /GS /fp:precise /Zc:wchar_t /Zc:forScope /Fo"Debug\\" /Fd"Debug\vc120.pdb" /Gd /TP /analyze- /errorReport:prompt main.cpp
         main.cpp
     1>c:\opencv\build\include\opencv2\core\mat.hpp(1965): warning C4819: ファイルは、現在のコード ページ (932) で表示できない文字を含んでいます。データの損失を防ぐために、ファイルを Unicode 形式で保存してください。
     1>c:\opencv\build\include\opencv2\core\persistence.hpp : warning C4819: ファイルは、現在のコード ページ (932) で表示できない文字を含んでいます。データの損失を防ぐために、ファイルを Unicode 形式で保存してください。
     1>c:\opencv\build\include\opencv2\core\utility.hpp : warning C4819: ファイルは、現在のコード ページ (932) で表示できない文字を含んでいます。データの損失を防ぐために、ファイルを Unicode 形式で保存してください。
     1>c:\users\0133752\documents\visual studio 2013\projects\som\som\main.cpp(37): warning C4018: '<' : signed と unsigned の数値を比較しようとしました。
     1>c:\users\0133752\documents\visual studio 2013\projects\som\som\main.cpp(38): warning C4018: '<' : signed と unsigned の数値を比較しようとしました。
     1>c:\users\0133752\documents\visual studio 2013\projects\som\som\main.cpp(39): warning C4018: '<' : signed と unsigned の数値を比較しようとしました。
     1>c:\users\0133752\documents\visual studio 2013\projects\som\som\main.cpp(48): warning C4018: '<' : signed と unsigned の数値を比較しようとしました。
     1>c:\users\0133752\documents\visual studio 2013\projects\som\som\main.cpp(60): warning C4018: '<' : signed と unsigned の数値を比較しようとしました。
     1>c:\users\0133752\documents\visual studio 2013\projects\som\som\main.cpp(61): warning C4018: '<' : signed と unsigned の数値を比較しようとしました。
     1>c:\users\0133752\documents\visual studio 2013\projects\som\som\main.cpp(83): warning C4018: '<' : signed と unsigned の数値を比較しようとしました。
     1>c:\users\0133752\documents\visual studio 2013\projects\som\som\main.cpp(85): warning C4018: '<' : signed と unsigned の数値を比較しようとしました。
     1>c:\users\0133752\documents\visual studio 2013\projects\som\som\main.cpp(89): warning C4018: '<' : signed と unsigned の数値を比較しようとしました。
     1>c:\users\0133752\documents\visual studio 2013\projects\som\som\main.cpp(97): warning C4018: '<' : signed と unsigned の数値を比較しようとしました。
     1>c:\users\0133752\documents\visual studio 2013\projects\som\som\main.cpp(107): warning C4018: '<' : signed と unsigned の数値を比較しようとしました。
     1>c:\users\0133752\documents\visual studio 2013\projects\som\som\main.cpp(108): warning C4018: '<' : signed と unsigned の数値を比較しようとしました。
     1>c:\users\0133752\documents\visual studio 2013\projects\som\som\main.cpp(117): warning C4018: '<' : signed と unsigned の数値を比較しようとしました。
     1>c:\users\0133752\documents\visual studio 2013\projects\som\som\main.cpp(118): warning C4018: '<' : signed と unsigned の数値を比較しようとしました。
     1>c:\users\0133752\documents\visual studio 2013\projects\som\som\main.cpp(119): warning C4018: '<' : signed と unsigned の数値を比較しようとしました。
     1>c:\users\0133752\documents\visual studio 2013\projects\som\som\main.cpp(120): warning C4244: '=' : 'double' から 'uchar' への変換です。データが失われる可能性があります。
     1>c:\users\0133752\documents\visual studio 2013\projects\som\som\main.cpp(126): warning C4018: '<' : signed と unsigned の数値を比較しようとしました。
     1>c:\users\0133752\documents\visual studio 2013\projects\som\som\main.cpp(127): warning C4018: '<' : signed と unsigned の数値を比較しようとしました。
     1>c:\users\0133752\documents\visual studio 2013\projects\som\som\main.cpp(128): warning C4018: '<' : signed と unsigned の数値を比較しようとしました。
     1>c:\users\0133752\documents\visual studio 2013\projects\som\som\main.cpp(129): warning C4244: '=' : 'double' から 'uchar' への変換です。データが失われる可能性があります。
       Link:
         C:\Program Files (x86)\Microsoft Visual Studio 12.0\VC\bin\link.exe /ERRORREPORT:PROMPT /OUT:"C:\Users\0133752\documents\visual studio 2013\Projects\Som\Debug\Som.exe" /INCREMENTAL /NOLOGO kernel32.lib user32.lib gdi32.lib winspool.lib comdlg32.lib advapi32.lib shell32.lib ole32.lib oleaut32.lib uuid.lib odbc32.lib odbccp32.lib /MANIFEST /MANIFESTUAC:"level='asInvoker' uiAccess='false'" /manifest:embed /DEBUG /PDB:"C:\Users\0133752\documents\visual studio 2013\Projects\Som\Debug\Som.pdb" /SUBSYSTEM:CONSOLE /TLBID:1 /DYNAMICBASE /NXCOMPAT /IMPLIB:"C:\Users\0133752\documents\visual studio 2013\Projects\Som\Debug\Som.lib" /MACHINE:X86 Debug\main.obj
         Som.vcxproj -> C:\Users\0133752\documents\visual studio 2013\Projects\Som\Debug\Som.exe
     1>プロジェクト "C:\Users\0133752\documents\visual studio 2013\Projects\Som\Som\Som.vcxproj" (Build ターゲット) のビルドが完了しました。

ビルドに成功しました。

経過時間 00:00:01.32
